e:\studia\matma w grafice\mathematics-in-graphics\zadanie1\x64\debug\vc141.pdb
e:\studia\matma w grafice\mathematics-in-graphics\zadanie1\x64\debug\vc141.idb
e:\studia\matma w grafice\mathematics-in-graphics\zadanie1\x64\debug\wektor.obj
e:\studia\matma w grafice\mathematics-in-graphics\zadanie1\x64\debug\program.obj
e:\studia\matma w grafice\mathematics-in-graphics\x64\debug\zadanie1.exe
e:\studia\matma w grafice\mathematics-in-graphics\x64\debug\zadanie1.ilk
e:\studia\matma w grafice\mathematics-in-graphics\x64\debug\zadanie1.pdb
c:\users\student\desktop\nowy folder\mathematics-in-graphics\zadanie1\x64\debug\program.obj
c:\users\student\desktop\nowy folder\mathematics-in-graphics\zadanie1\x64\debug\wektor.obj
c:\users\student\desktop\nowy folder\mathematics-in-graphics\zadanie1\x64\debug\vc141.idb
c:\users\student\desktop\nowy folder\mathematics-in-graphics\zadanie1\x64\debug\vc141.pdb
c:\users\student\desktop\nowy folder\mathematics-in-graphics\x64\debug\zadanie1.pdb
c:\users\student\desktop\nowy folder\mathematics-in-graphics\x64\debug\zadanie1.exe
c:\users\student\desktop\nowy folder\mathematics-in-graphics\x64\debug\zadanie1.ilk
c:\users\student\desktop\nowy folder\mathematics-in-graphics\zadanie1\x64\debug\zadanie1.tlog\cl.command.1.tlog
c:\users\student\desktop\nowy folder\mathematics-in-graphics\zadanie1\x64\debug\zadanie1.tlog\cl.read.1.tlog
c:\users\student\desktop\nowy folder\mathematics-in-graphics\zadanie1\x64\debug\zadanie1.tlog\cl.write.1.tlog
c:\users\student\desktop\nowy folder\mathematics-in-graphics\zadanie1\x64\debug\zadanie1.tlog\link.command.1.tlog
c:\users\student\desktop\nowy folder\mathematics-in-graphics\zadanie1\x64\debug\zadanie1.tlog\link.read.1.tlog
c:\users\student\desktop\nowy folder\mathematics-in-graphics\zadanie1\x64\debug\zadanie1.tlog\link.write.1.tlog
