c:\users\student\desktop\nnn\mathematics-in-graphics\zadanie1\x64\debug\vc141.pdb
c:\users\student\desktop\nnn\mathematics-in-graphics\zadanie1\x64\debug\vc141.idb
c:\users\student\desktop\nnn\mathematics-in-graphics\zadanie1\x64\debug\macierz.obj
c:\users\student\desktop\nnn\mathematics-in-graphics\zadanie1\x64\debug\program.obj
c:\users\student\desktop\nnn\mathematics-in-graphics\zadanie1\x64\debug\wektor.obj
c:\users\student\desktop\nnn\mathematics-in-graphics\x64\debug\zadanie1 and 2.exe
c:\users\student\desktop\nnn\mathematics-in-graphics\x64\debug\zadanie1 and 2.ilk
c:\users\student\desktop\nnn\mathematics-in-graphics\x64\debug\zadanie1 and 2.pdb
c:\users\yume\desktop\nowy folder (2)\mathematics-in-graphics\zadanie1\x64\debug\macierz.obj
c:\users\yume\desktop\nowy folder (2)\mathematics-in-graphics\zadanie1\x64\debug\program.obj
c:\users\yume\desktop\nowy folder (2)\mathematics-in-graphics\zadanie1\x64\debug\wektor.obj
c:\users\yume\desktop\nowy folder (2)\mathematics-in-graphics\zadanie1\x64\debug\vc141.idb
c:\users\yume\desktop\nowy folder (2)\mathematics-in-graphics\zadanie1\x64\debug\vc141.pdb
c:\users\yume\desktop\nowy folder (2)\mathematics-in-graphics\x64\debug\zadanie1 and 2.pdb
c:\users\yume\desktop\nowy folder (2)\mathematics-in-graphics\x64\debug\zadanie1 and 2.exe
c:\users\yume\desktop\nowy folder (2)\mathematics-in-graphics\x64\debug\zadanie1 and 2.ilk
c:\users\yume\desktop\nowy folder (2)\mathematics-in-graphics\zadanie1\x64\debug\zadanie1 and 2.tlog\cl.command.1.tlog
c:\users\yume\desktop\nowy folder (2)\mathematics-in-graphics\zadanie1\x64\debug\zadanie1 and 2.tlog\cl.read.1.tlog
c:\users\yume\desktop\nowy folder (2)\mathematics-in-graphics\zadanie1\x64\debug\zadanie1 and 2.tlog\cl.write.1.tlog
c:\users\yume\desktop\nowy folder (2)\mathematics-in-graphics\zadanie1\x64\debug\zadanie1 and 2.tlog\link.command.1.tlog
c:\users\yume\desktop\nowy folder (2)\mathematics-in-graphics\zadanie1\x64\debug\zadanie1 and 2.tlog\link.read.1.tlog
c:\users\yume\desktop\nowy folder (2)\mathematics-in-graphics\zadanie1\x64\debug\zadanie1 and 2.tlog\link.write.1.tlog
